<?xml version="1.0" encoding="UTF-8"?>
<!-- Generated by org.testng.reporters.JUnitReportReporter -->
<testsuite name="TestNG.TestNGClass" tests="5" time="0.000" ignored="0" failures="0" timestamp="05 Jan 2017 14:32:42 GMT" skipped="2" hostname="L-56Z6152" errors="3">
  <testcase name="calculatepercent" time="0.000" classname="TestNG.TestNGClass">
    <skipped/>
  </testcase> <!-- calculatepercent -->
  <testcase name="launchapp" time="0.000" classname="TestNG.TestNGClass">
    <error type="org.openqa.selenium.WebDriverException" message="The best matching driver provider org.openqa.selenium.edge.EdgeDriver can&#039;t create a new driver instance for Capabilities [{ensureCleanSession=true, browserName=ie, version=, platform=WINDOWS}]
Build info: version: &#039;2.47.1&#039;, revision: &#039;411b314&#039;, time: &#039;2015-07-30 03:03:16&#039;
System info: host: &#039;L-56Z6152&#039;, ip: &#039;10.20.66.90&#039;, os.name: &#039;Windows 7&#039;, os.arch: &#039;amd64&#039;, os.version: &#039;6.1&#039;, java.version: &#039;1.8.0_65&#039;
Driver info: driver.version: unknown
Command duration or timeout: 219 milliseconds
Build info: version: &#039;2.53.0&#039;, revision: &#039;35ae25b&#039;, time: &#039;2016-03-15 16:57:40&#039;
System info: host: &#039;L-56Z6152&#039;, ip: &#039;10.20.66.90&#039;, os.name: &#039;Windows 7&#039;, os.arch: &#039;amd64&#039;, os.version: &#039;6.1&#039;, java.version: &#039;1.8.0_65&#039;
Driver info: org.openqa.selenium.remote.RemoteWebDriver">
      <![CDATA[org.openqa.selenium.WebDriverException: The best matching driver provider org.openqa.selenium.edge.EdgeDriver can't create a new driver instance for Capabilities [{ensureCleanSession=true, browserName=ie, version=, platform=WINDOWS}]
Build info: version: '2.47.1', revision: '411b314', time: '2015-07-30 03:03:16'
System info: host: 'L-56Z6152', ip: '10.20.66.90', os.name: 'Windows 7', os.arch: 'amd64', os.version: '6.1', java.version: '1.8.0_65'
Driver info: driver.version: unknown
Command duration or timeout: 219 milliseconds
Build info: version: '2.53.0', revision: '35ae25b', time: '2016-03-15 16:57:40'
System info: host: 'L-56Z6152', ip: '10.20.66.90', os.name: 'Windows 7', os.arch: 'amd64', os.version: '6.1', java.version: '1.8.0_65'
Driver info: org.openqa.selenium.remote.RemoteWebDriver
	at sun.reflect.NativeConstructorAccessorImpl.newInstance0(Native Method)
	at sun.reflect.NativeConstructorAccessorImpl.newInstance(Unknown Source)
	at sun.reflect.DelegatingConstructorAccessorImpl.newInstance(Unknown Source)
	at java.lang.reflect.Constructor.newInstance(Unknown Source)
	at org.openqa.selenium.remote.ErrorHandler.createThrowable(ErrorHandler.java:206)
	at org.openqa.selenium.remote.ErrorHandler.throwIfResponseFailed(ErrorHandler.java:158)
	at org.openqa.selenium.remote.RemoteWebDriver.execute(RemoteWebDriver.java:678)
	at org.openqa.selenium.remote.RemoteWebDriver.startSession(RemoteWebDriver.java:249)
	at org.openqa.selenium.remote.RemoteWebDriver.<init>(RemoteWebDriver.java:131)
	at org.openqa.selenium.remote.RemoteWebDriver.<init>(RemoteWebDriver.java:158)
	at TestNG.TestNGClass.launchapp(TestNGClass.java:59)
	at sun.reflect.NativeMethodAccessorImpl.invoke0(Native Method)
	at sun.reflect.NativeMethodAccessorImpl.invoke(Unknown Source)
	at sun.reflect.DelegatingMethodAccessorImpl.invoke(Unknown Source)
	at java.lang.reflect.Method.invoke(Unknown Source)
	at org.testng.internal.MethodInvocationHelper.invokeMethod(MethodInvocationHelper.java:104)
	at org.testng.internal.Invoker.invokeConfigurationMethod(Invoker.java:515)
	at org.testng.internal.Invoker.invokeConfigurations(Invoker.java:217)
	at org.testng.internal.Invoker.invokeConfigurations(Invoker.java:144)
	at org.testng.TestRunner.beforeRun(TestRunner.java:634)
	at org.testng.TestRunner.run(TestRunner.java:602)
	at org.testng.SuiteRunner.runTest(SuiteRunner.java:387)
	at org.testng.SuiteRunner.access$000(SuiteRunner.java:39)
	at org.testng.SuiteRunner$SuiteWorker.run(SuiteRunner.java:421)
	at org.testng.internal.thread.ThreadUtil$2.call(ThreadUtil.java:64)
	at java.util.concurrent.FutureTask.run(Unknown Source)
	at java.util.concurrent.ThreadPoolExecutor.runWorker(Unknown Source)
	at java.util.concurrent.ThreadPoolExecutor$Worker.run(Unknown Source)
	at java.lang.Thread.run(Unknown Source)
Caused by: org.openqa.selenium.WebDriverException: The best matching driver provider org.openqa.selenium.edge.EdgeDriver can't create a new driver instance for Capabilities [{ensureCleanSession=true, browserName=ie, version=, platform=WINDOWS}]
Build info: version: '2.47.1', revision: '411b314', time: '2015-07-30 03:03:16'
System info: host: 'L-56Z6152', ip: '10.20.66.90', os.name: 'Windows 7', os.arch: 'amd64', os.version: '6.1', java.version: '1.8.0_65'
Driver info: driver.version: unknown
Build info: version: '2.53.0', revision: '35ae25b', time: '2016-03-15 16:57:40'
System info: host: 'L-56Z6152', ip: '10.20.66.90', os.name: 'Windows 7', os.arch: 'amd64', os.version: '6.1', java.version: '1.8.0_65'
Driver info: driver.version: unknown
	at org.openqa.selenium.remote.server.DefaultDriverFactory.newInstance(DefaultDriverFactory.java:62)
	at org.openqa.selenium.remote.server.DefaultSession$BrowserCreator.call(DefaultSession.java:222)
	at org.openqa.selenium.remote.server.DefaultSession$BrowserCreator.call(DefaultSession.java:1)
	at java.util.concurrent.FutureTask.run(Unknown Source)
	at org.openqa.selenium.remote.server.DefaultSession$1.run(DefaultSession.java:176)
	... 3 more
]]>
    </error>
  </testcase> <!-- launchapp -->
  <testcase name="calculatepercent" time="0.000" classname="TestNG.TestNGClass">
    <error type="java.lang.NullPointerException" message="null value in entry: url=null">
      <![CDATA[java.lang.NullPointerException: null value in entry: url=null
	at com.google.common.collect.CollectPreconditions.checkEntryNotNull(CollectPreconditions.java:33)
	at com.google.common.collect.SingletonImmutableBiMap.<init>(SingletonImmutableBiMap.java:39)
	at com.google.common.collect.ImmutableBiMap.of(ImmutableBiMap.java:57)
	at com.google.common.collect.ImmutableMap.of(ImmutableMap.java:80)
	at org.openqa.selenium.remote.RemoteWebDriver.get(RemoteWebDriver.java:316)
	at TestNG.TestNGClass.calculatepercent(TestNGClass.java:72)
	at sun.reflect.NativeMethodAccessorImpl.invoke0(Native Method)
	at sun.reflect.NativeMethodAccessorImpl.invoke(Unknown Source)
	at sun.reflect.DelegatingMethodAccessorImpl.invoke(Unknown Source)
	at java.lang.reflect.Method.invoke(Unknown Source)
	at org.testng.internal.MethodInvocationHelper.invokeMethod(MethodInvocationHelper.java:104)
	at org.testng.internal.Invoker.invokeMethod(Invoker.java:645)
	at org.testng.internal.Invoker.invokeTestMethod(Invoker.java:851)
	at org.testng.internal.Invoker.invokeTestMethods(Invoker.java:1177)
	at org.testng.internal.TestMethodWorker.invokeTestMethods(TestMethodWorker.java:129)
	at org.testng.internal.TestMethodWorker.run(TestMethodWorker.java:112)
	at org.testng.TestRunner.privateRun(TestRunner.java:756)
	at org.testng.TestRunner.run(TestRunner.java:610)
	at org.testng.SuiteRunner.runTest(SuiteRunner.java:387)
	at org.testng.SuiteRunner.access$000(SuiteRunner.java:39)
	at org.testng.SuiteRunner$SuiteWorker.run(SuiteRunner.java:421)
	at org.testng.internal.thread.ThreadUtil$2.call(ThreadUtil.java:64)
	at java.util.concurrent.FutureTask.run(Unknown Source)
	at java.util.concurrent.ThreadPoolExecutor.runWorker(Unknown Source)
	at java.util.concurrent.ThreadPoolExecutor$Worker.run(Unknown Source)
	at java.lang.Thread.run(Unknown Source)
]]>
    </error>
  </testcase> <!-- calculatepercent -->
  <testcase name="launchapp" time="0.000" classname="TestNG.TestNGClass">
    <error type="org.openqa.selenium.WebDriverException" message="Unable to connect to host 127.0.0.1 on port 7055 after 45000 ms. Firefox console output:
fee ScriptScan for Firefox&quot;,&quot;description&quot;:null,&quot;creator&quot;:&quot;McAfee, Inc.&quot;,&quot;homepageURL&quot;:null},&quot;visible&quot;:true,&quot;active&quot;:false,&quot;userDisabled&quot;:true,&quot;appDisabled&quot;:true,&quot;descriptor&quot;:&quot;C:\\Program Files (x86)\\Common Files\\McAfee\\SystemCore&quot;,&quot;installDate&quot;:1460352083726,&quot;updateDate&quot;:1460352083726,&quot;applyBackgroundUpdates&quot;:1,&quot;bootstrap&quot;:false,&quot;skinnable&quot;:false,&quot;size&quot;:3262760,&quot;sourceURI&quot;:null,&quot;releaseNotesURI&quot;:null,&quot;softDisabled&quot;:false,&quot;foreignInstall&quot;:true,&quot;hasBinaryComponents&quot;:false,&quot;strictCompatibility&quot;:false,&quot;locales&quot;:[],&quot;targetApplications&quot;:[{&quot;id&quot;:&quot;{ec8030f7-c20a-464f-9b0e-13a3a9e97384}&quot;,&quot;minVersion&quot;:&quot;1.5&quot;,&quot;maxVersion&quot;:&quot;9.9&quot;}],&quot;targetPlatforms&quot;:[],&quot;multiprocessCompatible&quot;:false,&quot;signedState&quot;:0,&quot;seen&quot;:true}
1483626721658	DeferredSave.extensions.json	DEBUG	Save changes
1483626721658	addons.xpi	DEBUG	Updating database with changes to installed add-ons
1483626721658	addons.xpi-utils	DEBUG	Updating add-on states
1483626721662	addons.xpi-utils	DEBUG	Writing add-ons list
1483626721733	addons.xpi	DEBUG	Registering manifest for C:\Program Files (x86)\Mozilla Firefox\browser\features\aushelper@mozilla.org.xpi
1483626721734	addons.xpi	DEBUG	Calling bootstrap method startup on aushelper@mozilla.org version 1.0
1483626721735	addons.xpi	DEBUG	Registering manifest for C:\Program Files (x86)\Mozilla Firefox\browser\features\e10srollout@mozilla.org.xpi
1483626721737	addons.xpi	DEBUG	Calling bootstrap method startup on e10srollout@mozilla.org version 1.5
1483626721737	addons.xpi	DEBUG	Registering manifest for C:\Program Files (x86)\Mozilla Firefox\browser\features\firefox@getpocket.com.xpi
1483626721739	addons.xpi	DEBUG	Calling bootstrap method startup on firefox@getpocket.com version 1.0.5
1483626721739	addons.xpi	DEBUG	Registering manifest for C:\Program Files (x86)\Mozilla Firefox\browser\features\webcompat@mozilla.org.xpi
1483626721740	addons.xpi	DEBUG	Calling bootstrap method startup on webcompat@mozilla.org version 1.0
1483626721743	addons.manager	DEBUG	Registering shutdown blocker for XPIProvider
1483626721743	addons.manager	DEBUG	Provider finished startup: XPIProvider
1483626721743	addons.manager	DEBUG	Starting provider: LightweightThemeManager
1483626721743	addons.manager	DEBUG	Registering shutdown blocker for LightweightThemeManager
1483626721743	addons.manager	DEBUG	Provider finished startup: LightweightThemeManager
1483626721744	addons.manager	DEBUG	Starting provider: GMPProvider
1483626721762	addons.manager	DEBUG	Registering shutdown blocker for GMPProvider
1483626721762	addons.manager	DEBUG	Provider finished startup: GMPProvider
1483626721762	addons.manager	DEBUG	Starting provider: PluginProvider
1483626721762	addons.manager	DEBUG	Registering shutdown blocker for PluginProvider
1483626721762	addons.manager	DEBUG	Provider finished startup: PluginProvider
1483626721763	addons.manager	DEBUG	Completed startup sequence
1483626729889	addons.manager	DEBUG	Starting provider: &lt;unnamed-provider&gt;
1483626729889	addons.manager	DEBUG	Registering shutdown blocker for &lt;unnamed-provider&gt;
1483626729890	addons.manager	DEBUG	Provider finished startup: &lt;unnamed-provider&gt;
1483626729893	DeferredSave.extensions.json	DEBUG	Starting write
1483626730046	addons.repository	DEBUG	No addons.json found.
1483626730046	DeferredSave.addons.json	DEBUG	Save changes
1483626730050	DeferredSave.addons.json	DEBUG	Starting timer
1483626730124	addons.manager	DEBUG	Starting provider: PreviousExperimentProvider
1483626730124	addons.manager	DEBUG	Registering shutdown blocker for PreviousExperimentProvider
1483626730124	addons.manager	DEBUG	Provider finished startup: PreviousExperimentProvider
1483626730127	DeferredSave.extensions.json	DEBUG	Write succeeded
1483626730129	DeferredSave.addons.json	DEBUG	Starting write
1483626730353	DeferredSave.addons.json	DEBUG	Write succeeded
[ODEBUG] [Explorer Probe] [disableSPDY]#In disableSPDY()[ODEBUG] [Explorer Probe] [disableSPDY]#Trying to get profile path from command line if exists[ODEBUG] [Explorer Probe] [disableSPDY]#Didn&#039;t get any profile from command line, get all FireFox profiles from AppData
Command duration or timeout: 47.30 seconds
Build info: version: &#039;2.53.0&#039;, revision: &#039;35ae25b&#039;, time: &#039;2016-03-15 16:57:40&#039;
System info: host: &#039;L-56Z6152&#039;, ip: &#039;10.20.66.90&#039;, os.name: &#039;Windows 7&#039;, os.arch: &#039;amd64&#039;, os.version: &#039;6.1&#039;, java.version: &#039;1.8.0_65&#039;
Driver info: org.openqa.selenium.remote.RemoteWebDriver">
      <![CDATA[org.openqa.selenium.WebDriverException: Unable to connect to host 127.0.0.1 on port 7055 after 45000 ms. Firefox console output:
fee ScriptScan for Firefox","description":null,"creator":"McAfee, Inc.","homepageURL":null},"visible":true,"active":false,"userDisabled":true,"appDisabled":true,"descriptor":"C:\\Program Files (x86)\\Common Files\\McAfee\\SystemCore","installDate":1460352083726,"updateDate":1460352083726,"applyBackgroundUpdates":1,"bootstrap":false,"skinnable":false,"size":3262760,"sourceURI":null,"releaseNotesURI":null,"softDisabled":false,"foreignInstall":true,"hasBinaryComponents":false,"strictCompatibility":false,"locales":[],"targetApplications":[{"id":"{ec8030f7-c20a-464f-9b0e-13a3a9e97384}","minVersion":"1.5","maxVersion":"9.9"}],"targetPlatforms":[],"multiprocessCompatible":false,"signedState":0,"seen":true}
1483626721658	DeferredSave.extensions.json	DEBUG	Save changes
1483626721658	addons.xpi	DEBUG	Updating database with changes to installed add-ons
1483626721658	addons.xpi-utils	DEBUG	Updating add-on states
1483626721662	addons.xpi-utils	DEBUG	Writing add-ons list
1483626721733	addons.xpi	DEBUG	Registering manifest for C:\Program Files (x86)\Mozilla Firefox\browser\features\aushelper@mozilla.org.xpi
1483626721734	addons.xpi	DEBUG	Calling bootstrap method startup on aushelper@mozilla.org version 1.0
1483626721735	addons.xpi	DEBUG	Registering manifest for C:\Program Files (x86)\Mozilla Firefox\browser\features\e10srollout@mozilla.org.xpi
1483626721737	addons.xpi	DEBUG	Calling bootstrap method startup on e10srollout@mozilla.org version 1.5
1483626721737	addons.xpi	DEBUG	Registering manifest for C:\Program Files (x86)\Mozilla Firefox\browser\features\firefox@getpocket.com.xpi
1483626721739	addons.xpi	DEBUG	Calling bootstrap method startup on firefox@getpocket.com version 1.0.5
1483626721739	addons.xpi	DEBUG	Registering manifest for C:\Program Files (x86)\Mozilla Firefox\browser\features\webcompat@mozilla.org.xpi
1483626721740	addons.xpi	DEBUG	Calling bootstrap method startup on webcompat@mozilla.org version 1.0
1483626721743	addons.manager	DEBUG	Registering shutdown blocker for XPIProvider
1483626721743	addons.manager	DEBUG	Provider finished startup: XPIProvider
1483626721743	addons.manager	DEBUG	Starting provider: LightweightThemeManager
1483626721743	addons.manager	DEBUG	Registering shutdown blocker for LightweightThemeManager
1483626721743	addons.manager	DEBUG	Provider finished startup: LightweightThemeManager
1483626721744	addons.manager	DEBUG	Starting provider: GMPProvider
1483626721762	addons.manager	DEBUG	Registering shutdown blocker for GMPProvider
1483626721762	addons.manager	DEBUG	Provider finished startup: GMPProvider
1483626721762	addons.manager	DEBUG	Starting provider: PluginProvider
1483626721762	addons.manager	DEBUG	Registering shutdown blocker for PluginProvider
1483626721762	addons.manager	DEBUG	Provider finished startup: PluginProvider
1483626721763	addons.manager	DEBUG	Completed startup sequence
1483626729889	addons.manager	DEBUG	Starting provider: <unnamed-provider>
1483626729889	addons.manager	DEBUG	Registering shutdown blocker for <unnamed-provider>
1483626729890	addons.manager	DEBUG	Provider finished startup: <unnamed-provider>
1483626729893	DeferredSave.extensions.json	DEBUG	Starting write
1483626730046	addons.repository	DEBUG	No addons.json found.
1483626730046	DeferredSave.addons.json	DEBUG	Save changes
1483626730050	DeferredSave.addons.json	DEBUG	Starting timer
1483626730124	addons.manager	DEBUG	Starting provider: PreviousExperimentProvider
1483626730124	addons.manager	DEBUG	Registering shutdown blocker for PreviousExperimentProvider
1483626730124	addons.manager	DEBUG	Provider finished startup: PreviousExperimentProvider
1483626730127	DeferredSave.extensions.json	DEBUG	Write succeeded
1483626730129	DeferredSave.addons.json	DEBUG	Starting write
1483626730353	DeferredSave.addons.json	DEBUG	Write succeeded
[ODEBUG] [Explorer Probe] [disableSPDY]#In disableSPDY()[ODEBUG] [Explorer Probe] [disableSPDY]#Trying to get profile path from command line if exists[ODEBUG] [Explorer Probe] [disableSPDY]#Didn't get any profile from command line, get all FireFox profiles from AppData
Command duration or timeout: 47.30 seconds
Build info: version: '2.53.0', revision: '35ae25b', time: '2016-03-15 16:57:40'
System info: host: 'L-56Z6152', ip: '10.20.66.90', os.name: 'Windows 7', os.arch: 'amd64', os.version: '6.1', java.version: '1.8.0_65'
Driver info: org.openqa.selenium.remote.RemoteWebDriver
	at sun.reflect.NativeConstructorAccessorImpl.newInstance0(Native Method)
	at sun.reflect.NativeConstructorAccessorImpl.newInstance(Unknown Source)
	at sun.reflect.DelegatingConstructorAccessorImpl.newInstance(Unknown Source)
	at java.lang.reflect.Constructor.newInstance(Unknown Source)
	at org.openqa.selenium.remote.ErrorHandler.createThrowable(ErrorHandler.java:206)
	at org.openqa.selenium.remote.ErrorHandler.throwIfResponseFailed(ErrorHandler.java:158)
	at org.openqa.selenium.remote.RemoteWebDriver.execute(RemoteWebDriver.java:678)
	at org.openqa.selenium.remote.RemoteWebDriver.startSession(RemoteWebDriver.java:249)
	at org.openqa.selenium.remote.RemoteWebDriver.<init>(RemoteWebDriver.java:131)
	at org.openqa.selenium.remote.RemoteWebDriver.<init>(RemoteWebDriver.java:158)
	at TestNG.TestNGClass.launchapp(TestNGClass.java:34)
	at sun.reflect.NativeMethodAccessorImpl.invoke0(Native Method)
	at sun.reflect.NativeMethodAccessorImpl.invoke(Unknown Source)
	at sun.reflect.DelegatingMethodAccessorImpl.invoke(Unknown Source)
	at java.lang.reflect.Method.invoke(Unknown Source)
	at org.testng.internal.MethodInvocationHelper.invokeMethod(MethodInvocationHelper.java:104)
	at org.testng.internal.Invoker.invokeConfigurationMethod(Invoker.java:515)
	at org.testng.internal.Invoker.invokeConfigurations(Invoker.java:217)
	at org.testng.internal.Invoker.invokeConfigurations(Invoker.java:144)
	at org.testng.TestRunner.beforeRun(TestRunner.java:634)
	at org.testng.TestRunner.run(TestRunner.java:602)
	at org.testng.SuiteRunner.runTest(SuiteRunner.java:387)
	at org.testng.SuiteRunner.access$000(SuiteRunner.java:39)
	at org.testng.SuiteRunner$SuiteWorker.run(SuiteRunner.java:421)
	at org.testng.internal.thread.ThreadUtil$2.call(ThreadUtil.java:64)
	at java.util.concurrent.FutureTask.run(Unknown Source)
	at java.util.concurrent.ThreadPoolExecutor.runWorker(Unknown Source)
	at java.util.concurrent.ThreadPoolExecutor$Worker.run(Unknown Source)
	at java.lang.Thread.run(Unknown Source)
Caused by: org.openqa.selenium.remote.ErrorHandler$UnknownServerException: Unable to connect to host 127.0.0.1 on port 7055 after 45000 ms. Firefox console output:
fee ScriptScan for Firefox","description":null,"creator":"McAfee, Inc.","homepageURL":null},"visible":true,"active":false,"userDisabled":true,"appDisabled":true,"descriptor":"C:\\Program Files (x86)\\Common Files\\McAfee\\SystemCore","installDate":1460352083726,"updateDate":1460352083726,"applyBackgroundUpdates":1,"bootstrap":false,"skinnable":false,"size":3262760,"sourceURI":null,"releaseNotesURI":null,"softDisabled":false,"foreignInstall":true,"hasBinaryComponents":false,"strictCompatibility":false,"locales":[],"targetApplications":[{"id":"{ec8030f7-c20a-464f-9b0e-13a3a9e97384}","minVersion":"1.5","maxVersion":"9.9"}],"targetPlatforms":[],"multiprocessCompatible":false,"signedState":0,"seen":true}
1483626721658	DeferredSave.extensions.json	DEBUG	Save changes
1483626721658	addons.xpi	DEBUG	Updating database with changes to installed add-ons
1483626721658	addons.xpi-utils	DEBUG	Updating add-on states
1483626721662	addons.xpi-utils	DEBUG	Writing add-ons list
1483626721733	addons.xpi	DEBUG	Registering manifest for C:\Program Files (x86)\Mozilla Firefox\browser\features\aushelper@mozilla.org.xpi
1483626721734	addons.xpi	DEBUG	Calling bootstrap method startup on aushelper@mozilla.org version 1.0
1483626721735	addons.xpi	DEBUG	Registering manifest for C:\Program Files (x86)\Mozilla Firefox\browser\features\e10srollout@mozilla.org.xpi
1483626721737	addons.xpi	DEBUG	Calling bootstrap method startup on e10srollout@mozilla.org version 1.5
1483626721737	addons.xpi	DEBUG	Registering manifest for C:\Program Files (x86)\Mozilla Firefox\browser\features\firefox@getpocket.com.xpi
1483626721739	addons.xpi	DEBUG	Calling bootstrap method startup on firefox@getpocket.com version 1.0.5
1483626721739	addons.xpi	DEBUG	Registering manifest for C:\Program Files (x86)\Mozilla Firefox\browser\features\webcompat@mozilla.org.xpi
1483626721740	addons.xpi	DEBUG	Calling bootstrap method startup on webcompat@mozilla.org version 1.0
1483626721743	addons.manager	DEBUG	Registering shutdown blocker for XPIProvider
1483626721743	addons.manager	DEBUG	Provider finished startup: XPIProvider
1483626721743	addons.manager	DEBUG	Starting provider: LightweightThemeManager
1483626721743	addons.manager	DEBUG	Registering shutdown blocker for LightweightThemeManager
1483626721743	addons.manager	DEBUG	Provider finished startup: LightweightThemeManager
1483626721744	addons.manager	DEBUG	Starting provider: GMPProvider
1483626721762	addons.manager	DEBUG	Registering shutdown blocker for GMPProvider
1483626721762	addons.manager	DEBUG	Provider finished startup: GMPProvider
1483626721762	addons.manager	DEBUG	Starting provider: PluginProvider
1483626721762	addons.manager	DEBUG	Registering shutdown blocker for PluginProvider
1483626721762	addons.manager	DEBUG	Provider finished startup: PluginProvider
1483626721763	addons.manager	DEBUG	Completed startup sequence
1483626729889	addons.manager	DEBUG	Starting provider: <unnamed-provider>
1483626729889	addons.manager	DEBUG	Registering shutdown blocker for <unnamed-provider>
1483626729890	addons.manager	DEBUG	Provider finished startup: <unnamed-provider>
1483626729893	DeferredSave.extensions.json	DEBUG	Starting write
1483626730046	addons.repository	DEBUG	No addons.json found.
1483626730046	DeferredSave.addons.json	DEBUG	Save changes
1483626730050	DeferredSave.addons.json	DEBUG	Starting timer
1483626730124	addons.manager	DEBUG	Starting provider: PreviousExperimentProvider
1483626730124	addons.manager	DEBUG	Registering shutdown blocker for PreviousExperimentProvider
1483626730124	addons.manager	DEBUG	Provider finished startup: PreviousExperimentProvider
1483626730127	DeferredSave.extensions.json	DEBUG	Write succeeded
1483626730129	DeferredSave.addons.json	DEBUG	Starting write
1483626730353	DeferredSave.addons.json	DEBUG	Write succeeded
[ODEBUG] [Explorer Probe] [disableSPDY]#In disableSPDY()[ODEBUG] [Explorer Probe] [disableSPDY]#Trying to get profile path from command line if exists[ODEBUG] [Explorer Probe] [disableSPDY]#Didn't get any profile from command line, get all FireFox profiles from AppData
Build info: version: '2.53.0', revision: '35ae25b', time: '2016-03-15 16:57:40'
System info: host: 'L-56Z6152', ip: '10.20.66.90', os.name: 'Windows 7', os.arch: 'amd64', os.version: '6.1', java.version: '1.8.0_65'
Driver info: driver.version: FirefoxDriver
	at org.openqa.selenium.firefox.internal.NewProfileExtensionConnection.start(NewProfileExtensionConnection.java:122)
	at org.openqa.selenium.firefox.FirefoxDriver.startClient(FirefoxDriver.java:276)
	at org.openqa.selenium.remote.RemoteWebDriver.<init>(RemoteWebDriver.java:116)
	at org.openqa.selenium.firefox.FirefoxDriver.<init>(FirefoxDriver.java:223)
	at org.openqa.selenium.firefox.FirefoxDriver.<init>(FirefoxDriver.java:216)
	at org.openqa.selenium.firefox.FirefoxDriver.<init>(FirefoxDriver.java:134)
	at sun.reflect.NativeConstructorAccessorImpl.newInstance0(Native Method)
	at sun.reflect.NativeConstructorAccessorImpl.newInstance(Unknown Source)
	at sun.reflect.DelegatingConstructorAccessorImpl.newInstance(Unknown Source)
	at java.lang.reflect.Constructor.newInstance(Unknown Source)
	at org.openqa.selenium.remote.server.DefaultDriverProvider.callConstructor(DefaultDriverProvider.java:103)
	at org.openqa.selenium.remote.server.DefaultDriverProvider.newInstance(DefaultDriverProvider.java:97)
	at org.openqa.selenium.remote.server.DefaultDriverFactory.newInstance(DefaultDriverFactory.java:60)
	at org.openqa.selenium.remote.server.DefaultSession$BrowserCreator.call(DefaultSession.java:222)
	at org.openqa.selenium.remote.server.DefaultSession$BrowserCreator.call(DefaultSession.java:1)
	at java.util.concurrent.FutureTask.run(Unknown Source)
	at org.openqa.selenium.remote.server.DefaultSession$1.run(DefaultSession.java:176)
	... 3 more
]]>
    </error>
  </testcase> <!-- launchapp -->
  <testcase name="calculatepercent" time="0.000" classname="TestNG.TestNGClass">
    <skipped/>
  </testcase> <!-- calculatepercent -->
</testsuite> <!-- TestNG.TestNGClass -->
